#
# A fatal error has been detected by the Java Runtime Environment:
#
#  EXCEPTION_ACCESS_VIOLATION (0xc0000005) at pc=0x00007ffb2eb70735, pid=19020, tid=2140
#
# JRE version: Java(TM) SE Runtime Environment (9.0+11) (build 9.0.4+11)
# Java VM: Java HotSpot(TM) 64-Bit Server VM (9.0.4+11, mixed mode, tiered, compressed oops, g1 gc, windows-amd64)
# Problematic frame:
# C  [librdi_tcltasks.dll+0xb0735]
#
# No core dump will be written. Minidumps are not enabled by default on client versions of Windows
#
# If you would like to submit a bug report, please visit:
#   http://bugreport.java.com/bugreport/crash.jsp
# The crash happened outside the Java Virtual Machine in native code.
# See problematic frame for where to report the bug.
#

---------------  S U M M A R Y ------------

Command Line: -Dsun.java2d.pmoffscreen=false -Dsun.java2d.xrender=false -Dsun.java2d.d3d=false -Dsun.awt.nopixfmt=true -Dsun.java2d.dpiaware=true -Dsun.java2d.uiScale.enabled=false -Xverify:none -Dswing.aatext=true -XX:-UsePerfData -Djdk.map.althashing.threshold=512 -XX:StringTableSize=4072 --add-opens=java.base/java.nio=ALL-UNNAMED --add-opens=java.desktop/sun.swing=ALL-UNNAMED --add-opens=java.desktop/javax.swing=ALL-UNNAMED --add-opens=java.desktop/javax.swing.tree=ALL-UNNAMED --add-opens=java.desktop/javax.swing.plaf.basic=ALL-UNNAMED --add-opens=java.desktop/javax.swing.plaf.synth=ALL-UNNAMED --add-opens=java.desktop/com.sun.awt=ALL-UNNAMED -XX:NewSize=60m -XX:MaxNewSize=60m -Xms128m -Xmx3072m -Xss5m 

Host: Intel(R) Core(TM) i7-2600 CPU @ 3.40GHz, 8 cores, 15G,  Windows 10 , 64 bit Build 18362 (10.0.18362.778)
Time: Wed Aug 11 15:41:13 2021 Jerusalem Daylight Time elapsed time: 215 seconds (0d 0h 3m 35s)

---------------  T H R E A D  ---------------

Current thread (0x000002a657de8000):  JavaThread "AWT-EventQueue-1" [_thread_in_native, id=2140, stack(0x000000ec0af00000,0x000000ec0b400000)]

Stack: [0x000000ec0af00000,0x000000ec0b400000],  sp=0x000000ec0b3fc580,  free space=5105k
Native frames: (J=compiled Java code, j=interpreted, Vv=VM code, C=native code)

Java frames: (J=compiled Java code, j=interpreted, Vv=VM code)
j  ui.frmwork.property.createSpecIter(J)J+0
j  ui.data.bv.b(Lui/data/common/J;)Lui/data/common/h;+13
j  ui.views.I.z.dq(Ljava/lang/Object;)Ljava/util/List;+18
j  ui.views.H.ak.dq(Ljava/lang/Object;)Ljava/util/List;+6
j  ui.views.I.k.f(Lui/data/common/J;)V+116
j  ui.views.I.d.f(Lui/data/common/J;)V+13
j  ui.views.I.C.f(Lui/data/common/J;)V+13
j  ui.views.I.u.f(Lui/data/common/J;)V+65
j  ui.b.c.bk.e(Lui/data/common/J;)V+97
j  ui.b.c.bk.cHp()V+13
j  ui.b.c.bk$$Lambda$281.run()V+4
J 16072 c2 java.awt.EventQueue$3.run()Ljava/lang/Object; java.desktop@9.0.4 (5 bytes) @ 0x000002a645260284 [0x000002a645260180+0x0000000000000104]
v  ~StubRoutines::call_stub
J 8189  java.security.AccessController.doPrivileged(Ljava/security/PrivilegedAction;Ljava/security/AccessControlContext;)Ljava/lang/Object; java.base@9.0.4 (0 bytes) @ 0x000002a6449217c6 [0x000002a644921760+0x0000000000000066]
J 14192 c2 ui.frmwork.b.d.dispatchEvent(Ljava/awt/AWTEvent;)V (34 bytes) @ 0x000002a64486900c [0x000002a644868aa0+0x000000000000056c]
J 15245 c2 java.awt.EventDispatchThread.pumpOneEventForFilters(I)V java.desktop@9.0.4 (218 bytes) @ 0x000002a6451527d0 [0x000002a645151dc0+0x0000000000000a10]
j  java.awt.EventDispatchThread.pumpEventsForFilter(ILjava/awt/Conditional;Ljava/awt/EventFilter;)V+35 java.desktop@9.0.4
j  java.awt.EventDispatchThread.pumpEventsForHierarchy(ILjava/awt/Conditional;Ljava/awt/Component;)V+11 java.desktop@9.0.4
j  java.awt.EventDispatchThread.pumpEvents(ILjava/awt/Conditional;)V+4 java.desktop@9.0.4
j  java.awt.EventDispatchThread.pumpEvents(Ljava/awt/Conditional;)V+3 java.desktop@9.0.4
j  java.awt.EventDispatchThread.run()V+9 java.desktop@9.0.4
v  ~StubRoutines::call_stub

siginfo: EXCEPTION_ACCESS_VIOLATION (0xc0000005), reading address 0x0000000000000050


Register to memory mapping:

RIP=0x00007ffb2eb70735 librdi_tcltasks.dll
RAX=0x0000000000000040 is an unknown value
RBX=0x000002a6649e2920 is an unknown value
RCX=0x000000ec0b3fc5d0 is pointing into the stack for thread: 0x000002a657de8000
RDX=0x0000000000000040 is an unknown value
RSP=0x000000ec0b3fc580 is pointing into the stack for thread: 0x000002a657de8000
RBP=0x0000000000000000 is an unknown value
RSI=0x0000000000000000 is an unknown value
RDI=0x000002a62fa4fa10 is an unknown value
R8 =0x0000000000000000 is an unknown value
R9 =0xffffffffffffffff is an unknown value
R10=0x000002a62fb79138 is an unknown value
R11=0x000000ec0b3fc668 is pointing into the stack for thread: 0x000002a657de8000
R12=0x000000ec0b3fcb18 is pointing into the stack for thread: 0x000002a657de8000
R13=0x000000ec0b3fcb68 is pointing into the stack for thread: 0x000002a657de8000
R14=0xffffffffffffffff is an unknown value
R15=0x000002a665f19af0 is an unknown value


Registers:
RAX=0x0000000000000040, RBX=0x000002a6649e2920, RCX=0x000000ec0b3fc5d0, RDX=0x0000000000000040
RSP=0x000000ec0b3fc580, RBP=0x0000000000000000, RSI=0x0000000000000000, RDI=0x000002a62fa4fa10
R8 =0x0000000000000000, R9 =0xffffffffffffffff, R10=0x000002a62fb79138, R11=0x000000ec0b3fc668
R12=0x000000ec0b3fcb18, R13=0x000000ec0b3fcb68, R14=0xffffffffffffffff, R15=0x000002a665f19af0
RIP=0x00007ffb2eb70735, EFLAGS=0x0000000000010202

Top of Stack: (sp=0x000000ec0b3fc580)
0x000000ec0b3fc580:   000002a665f19af0 0000000000000000
0x000000ec0b3fc590:   000000ec0b3fcb68 000000ec0b3fcb18
0x000000ec0b3fc5a0:   ffffffffffffffff 00007ffb2f1f5944
0x000000ec0b3fc5b0:   000002a6649e2920 0000000000000000
0x000000ec0b3fc5c0:   000002a62fa4fa10 00007ffba0a607bd
0x000000ec0b3fc5d0:   0000000000000000 00007ffb68643cc5
0x000000ec0b3fc5e0:   0000000000000000 000000000000000f
0x000000ec0b3fc5f0:   000024160d988226 0000000000000020
0x000000ec0b3fc600:   000002a6649e2920 00007ffb6815601d
0x000000ec0b3fc610:   ffffffffffffffff 00007ffb68152ca7
0x000000ec0b3fc620:   000000ec0b3fc698 ffffffffffffffff
0x000000ec0b3fc630:   fffffffffffffffe 00007ffb423199e5
0x000000ec0b3fc640:   000002a600000001 fffffffffffffffe
0x000000ec0b3fc650:   000002a62fb79130 000002a62fa4fab0
0x000000ec0b3fc660:   000002a62fa4fa10 00007ffb6815406d
0x000000ec0b3fc670:   000002a6649e2920 000000ec0b3fc698 

Instructions: (pc=0x00007ffb2eb70735)
0x00007ffb2eb70715:   74 24 78 48 83 c4 50 5f c3 cc cc 48 89 5c 24 08
0x00007ffb2eb70725:   48 89 74 24 10 48 89 7c 24 18 41 56 48 83 ec 20
0x00007ffb2eb70735:   48 8b 42 10 49 8b f9 4d 8b f0 48 8b f2 48 8b d9
0x00007ffb2eb70745:   49 3b c0 73 0e 48 8d 0d e7 0e 60 01 ff 15 31 ee 



---------------  P R O C E S S  ---------------

Java Threads: ( => current thread )
  0x000002a66397a000 JavaThread "Run Simulation" [_thread_in_native, id=9424, stack(0x000000ec0e600000,0x000000ec0eb00000)]
  0x000002a663971800 JavaThread "Swing-Shell" daemon [_thread_blocked, id=16820, stack(0x000000ec0df00000,0x000000ec0e400000)]
  0x000002a663974800 JavaThread "Monitor File Timestamp Swing Worker" [_thread_blocked, id=16624, stack(0x000000ec0f000000,0x000000ec0f500000)]
  0x000002a657de9800 JavaThread "Timer-0" [_thread_blocked, id=16892, stack(0x000000ec0eb00000,0x000000ec0f000000)]
  0x000002a658891800 JavaThread "SyntheticaAnimation 50" daemon [_thread_blocked, id=14412, stack(0x000000ec0cb00000,0x000000ec0d000000)]
  0x000002a658890000 JavaThread "hw_ila_monitor" [_thread_blocked, id=19640, stack(0x000000ec0da00000,0x000000ec0df00000)]
  0x000002a65888f800 JavaThread "Update Runs Swing Worker" [_thread_blocked, id=17224, stack(0x000000ec0d500000,0x000000ec0da00000)]
  0x000002a658883800 JavaThread "Refresh Filesets Swing Worker" [_thread_blocked, id=17556, stack(0x000000ec0a000000,0x000000ec0a500000)]
  0x000002a657dea800 JavaThread "SyntheticaAnimation 70" daemon [_thread_blocked, id=14508, stack(0x000000ec0d000000,0x000000ec0d500000)]
  0x000002a657de2000 JavaThread "SyntheticaAnimation 25" daemon [_thread_blocked, id=10104, stack(0x000000ec0b400000,0x000000ec0b900000)]
  0x000002a657de7800 JavaThread "SyntheticaAnimation 50" daemon [_thread_blocked, id=17324, stack(0x000000ec0c600000,0x000000ec0cb00000)]
  0x000002a657de4800 JavaThread "Monitor HEventQueue" [_thread_blocked, id=10996, stack(0x000000ec0c100000,0x000000ec0c600000)]
  0x000002a657de6000 JavaThread "Batik CleanerThread" daemon [_thread_blocked, id=1776, stack(0x000000ec0b900000,0x000000ec0be00000)]
  0x000002a657de5000 JavaThread "SyntheticaCleanerThread" daemon [_thread_blocked, id=17772, stack(0x000000ec0a500000,0x000000ec0aa00000)]
=>0x000002a657de8000 JavaThread "AWT-EventQueue-1" [_thread_in_native, id=2140, stack(0x000000ec0af00000,0x000000ec0b400000)]
  0x000002a657de9000 JavaThread "AWT-Shutdown" [_thread_blocked, id=9384, stack(0x000000ec0aa00000,0x000000ec0af00000)]
  0x000002a657de1800 JavaThread "Process Messages" [_thread_blocked, id=20020, stack(0x000000ec09100000,0x000000ec09600000)]
  0x000002a63532e000 JavaThread "Thread-1" [_thread_in_native, id=17368, stack(0x000000ec03800000,0x000000ec04c00000)]
  0x000002a63532d000 JavaThread "TimerQueue" daemon [_thread_blocked, id=16388, stack(0x000000ec09b00000,0x000000ec0a000000)]
  0x000002a63532b800 JavaThread "AWT-Windows" daemon [_thread_in_native, id=17640, stack(0x000000ec09600000,0x000000ec09b00000)]
  0x000002a635329800 JavaThread "Java2D Disposer" daemon [_thread_blocked, id=17628, stack(0x000000ec08c00000,0x000000ec09100000)]
  0x000002a63532b000 JavaThread "Service Thread" daemon [_thread_blocked, id=532, stack(0x000000ec08600000,0x000000ec08b00000)]
  0x000002a63532a000 JavaThread "Common-Cleaner" daemon [_thread_blocked, id=16880, stack(0x000000ec08100000,0x000000ec08600000)]
  0x000002a63532c800 JavaThread "Sweeper thread" daemon [_thread_blocked, id=4608, stack(0x000000ec07c00000,0x000000ec08100000)]
  0x000002a632030800 JavaThread "C1 CompilerThread3" daemon [_thread_blocked, id=6856, stack(0x000000ec07b00000,0x000000ec07c00000)]
  0x000002a632033000 JavaThread "C2 CompilerThread2" daemon [_thread_in_native, id=17972, stack(0x000000ec07a00000,0x000000ec07b00000)]
  0x000002a63202f800 JavaThread "C2 CompilerThread1" daemon [_thread_blocked, id=17896, stack(0x000000ec07900000,0x000000ec07a00000)]
  0x000002a6304d0800 JavaThread "C2 CompilerThread0" daemon [_thread_blocked, id=20116, stack(0x000000ec07800000,0x000000ec07900000)]
  0x000002a63208e000 JavaThread "Attach Listener" daemon [_thread_blocked, id=18344, stack(0x000000ec07300000,0x000000ec07800000)]
  0x000002a63003e800 JavaThread "Signal Dispatcher" daemon [_thread_blocked, id=10048, stack(0x000000ec06e00000,0x000000ec07300000)]
  0x000002a633cf3000 JavaThread "Finalizer" daemon [_thread_blocked, id=15644, stack(0x000000ec06900000,0x000000ec06e00000)]
  0x000002a631302800 JavaThread "Reference Handler" daemon [_thread_blocked, id=12428, stack(0x000000ec06400000,0x000000ec06900000)]
  0x000002a632eae800 JavaThread "main" [_thread_blocked, id=16592, stack(0x000000ec03700000,0x000000ec03800000)]

Other Threads:
  0x000002a6311f0800 VMThread "VM Thread" [stack: 0x000000ec06300000,0x000000ec06400000] [id=18896]
  0x000002a6340a1800 WatcherThread [stack: 0x000000ec08b00000,0x000000ec08c00000] [id=11560]
  0x000002a632029800 GCTaskThread "GC Thread#0" [stack: 0x000000ec04f00000,0x000000ec05000000] [id=19916]
  0x000002a632029000 GCTaskThread "GC Thread#1" [stack: 0x000000ec05000000,0x000000ec05100000] [id=18988]
  0x000002a63202a800 GCTaskThread "GC Thread#2" [stack: 0x000000ec05100000,0x000000ec05200000] [id=18888]
  0x000002a632028000 GCTaskThread "GC Thread#3" [stack: 0x000000ec05200000,0x000000ec05300000] [id=516]
  0x000002a632027000 GCTaskThread "GC Thread#4" [stack: 0x000000ec05300000,0x000000ec05400000] [id=17788]
  0x000002a63202b000 GCTaskThread "GC Thread#5" [stack: 0x000000ec05400000,0x000000ec05500000] [id=18848]
  0x000002a63202b800 GCTaskThread "GC Thread#6" [stack: 0x000000ec05500000,0x000000ec05600000] [id=16424]
  0x000002a632028800 GCTaskThread "GC Thread#7" [stack: 0x000000ec05600000,0x000000ec05700000] [id=20372]
  0x000002a62fed1800 ConcurrentGCThread "G1 Main Marker" [stack: 0x000000ec06000000,0x000000ec06100000] [id=18304]
  0x000002a63202c000 ConcurrentGCThread "G1 Marker#0" [stack: 0x000000ec06100000,0x000000ec06200000] [id=19728]
  0x000002a632025800 ConcurrentGCThread "G1 Marker#1" [stack: 0x000000ec06200000,0x000000ec06300000] [id=15560]
  0x000002a62b846800 ConcurrentGCThread "G1 Refine#0" [stack: 0x000000ec05e00000,0x000000ec05f00000] [id=16568]
  0x000002a633f09000 ConcurrentGCThread "G1 Refine#1" [stack: 0x000000ec05d00000,0x000000ec05e00000] [id=19036]
  0x000002a6339d0800 ConcurrentGCThread "G1 Refine#2" [stack: 0x000000ec05c00000,0x000000ec05d00000] [id=8416]
  0x000002a633ca8000 ConcurrentGCThread "G1 Refine#3" [stack: 0x000000ec05b00000,0x000000ec05c00000] [id=10536]
  0x000002a633ca7800 ConcurrentGCThread "G1 Refine#4" [stack: 0x000000ec05a00000,0x000000ec05b00000] [id=19500]
  0x000002a633576800 ConcurrentGCThread "G1 Refine#5" [stack: 0x000000ec05900000,0x000000ec05a00000] [id=20064]
  0x000002a6311c5800 ConcurrentGCThread "G1 Refine#6" [stack: 0x000000ec05800000,0x000000ec05900000] [id=18352]
  0x000002a6312d8000 ConcurrentGCThread "G1 Refine#7" [stack: 0x000000ec05700000,0x000000ec05800000] [id=6052]
  0x000002a62b847000 ConcurrentGCThread "G1 Young RemSet Sampling" [stack: 0x000000ec05f00000,0x000000ec06000000] [id=19784]

Threads with active compile tasks:
C2 CompilerThread216761       4       ui.utils.o.aj::e (107 bytes)

VM state:not at safepoint (normal execution)

VM Mutex/Monitor currently owned by a thread: None

Heap address: 0x0000000700000000, size: 3072 MB, Compressed Oops mode: Zero based, Oop shift amount: 3
Narrow klass base: 0x0000000000000000, Narrow klass shift: 3
Compressed class space size: 1073741824 Address: 0x00000007c0000000

Heap:
 garbage-first heap   total 182272K, used 92513K [0x0000000700000000, 0x0000000700100590, 0x00000007c0000000)
  region size 1024K, 12 young (12288K), 2 survivors (2048K)
 Metaspace       used 77407K, capacity 83402K, committed 83584K, reserved 1120256K
  class space    used 10836K, capacity 11867K, committed 11904K, reserved 1048576K
Heap Regions: E=young(eden), S=young(survivor), O=old, HS=humongous(starts), HC=humongous(continues), CS=collection set, F=free, A=archive, TS=gc time stamp, AC=allocation context, TAMS=top-at-mark-start (previous, next)
|   0|0x0000000700000000, 0x00000007000f35f0, 0x0000000700100000| 95%| O|  |TS  0|AC  0|TAMS 0x00000007000f35f0, 0x00000007000f35f0|
|   1|0x0000000700100000, 0x0000000700200000, 0x0000000700200000|100%|HS|  |TS  0|AC  0|TAMS 0x0000000700200000, 0x0000000700200000|
|   2|0x0000000700200000, 0x0000000700300000, 0x0000000700300000|100%|HC|  |TS  0|AC  0|TAMS 0x0000000700300000, 0x0000000700300000|
|   3|0x0000000700300000, 0x0000000700400000, 0x0000000700400000|100%|HS|  |TS  0|AC  0|TAMS 0x0000000700400000, 0x0000000700400000|
|   4|0x0000000700400000, 0x00000007004fffe8, 0x0000000700500000| 99%| O|  |TS  0|AC  0|TAMS 0x00000007004fffe8, 0x00000007004fffe8|
|   5|0x0000000700500000, 0x00000007005fffe8, 0x0000000700600000| 99%| O|  |TS  0|AC  0|TAMS 0x00000007005fffe8, 0x00000007005fffe8|
|   6|0x0000000700600000, 0x00000007006ffff8, 0x0000000700700000| 99%| O|  |TS  0|AC  0|TAMS 0x00000007006ffff8, 0x00000007006ffff8|
|   7|0x0000000700700000, 0x0000000700800000, 0x0000000700800000|100%| O|  |TS  0|AC  0|TAMS 0x0000000700800000, 0x0000000700800000|
|   8|0x0000000700800000, 0x00000007008b33d8, 0x0000000700900000| 70%| O|  |TS  0|AC  0|TAMS 0x00000007008b33d8, 0x00000007008b33d8|
|   9|0x0000000700900000, 0x0000000700a00000, 0x0000000700a00000|100%| O|  |TS  0|AC  0|TAMS 0x0000000700a00000, 0x0000000700a00000|
|  10|0x0000000700a00000, 0x0000000700afa7a0, 0x0000000700b00000| 97%| O|  |TS  0|AC  0|TAMS 0x0000000700afa7a0, 0x0000000700afa7a0|
|  11|0x0000000700b00000, 0x0000000700bfff48, 0x0000000700c00000| 99%| O|  |TS  0|AC  0|TAMS 0x0000000700bfff48, 0x0000000700bfff48|
|  12|0x0000000700c00000, 0x0000000700d00000, 0x0000000700d00000|100%| O|  |TS  0|AC  0|TAMS 0x0000000700d00000, 0x0000000700d00000|
|  13|0x0000000700d00000, 0x0000000700e00000, 0x0000000700e00000|100%| O|  |TS  0|AC  0|TAMS 0x0000000700e00000, 0x0000000700e00000|
|  14|0x0000000700e00000, 0x0000000700ef6ac0, 0x0000000700f00000| 96%| O|  |TS  0|AC  0|TAMS 0x0000000700ef6ac0, 0x0000000700ef6ac0|
|  15|0x0000000700f00000, 0x0000000700fffff0, 0x0000000701000000| 99%| O|  |TS  0|AC  0|TAMS 0x0000000700fffff0, 0x0000000700fffff0|
|  16|0x0000000701000000, 0x00000007010ffff8, 0x0000000701100000| 99%| O|  |TS  0|AC  0|TAMS 0x00000007010ffff8, 0x00000007010ffff8|
|  17|0x0000000701100000, 0x00000007011ffff8, 0x0000000701200000| 99%| O|  |TS  0|AC  0|TAMS 0x00000007011ffff8, 0x00000007011ffff8|
|  18|0x0000000701200000, 0x0000000701300000, 0x0000000701300000|100%| O|  |TS  0|AC  0|TAMS 0x0000000701300000, 0x0000000701300000|
|  19|0x0000000701300000, 0x00000007013fffb0, 0x0000000701400000| 99%| O|  |TS  0|AC  0|TAMS 0x00000007013fffb0, 0x00000007013fffb0|
|  20|0x0000000701400000, 0x00000007014fffe8, 0x0000000701500000| 99%| O|  |TS  0|AC  0|TAMS 0x00000007014fffe8, 0x00000007014fffe8|
|  21|0x0000000701500000, 0x00000007015ffff8, 0x0000000701600000| 99%| O|  |TS  0|AC  0|TAMS 0x00000007015ffff8, 0x00000007015ffff8|
|  22|0x0000000701600000, 0x00000007016fffd0, 0x0000000701700000| 99%| O|  |TS  0|AC  0|TAMS 0x00000007016fffd0, 0x00000007016fffd0|
|  23|0x0000000701700000, 0x00000007017fff80, 0x0000000701800000| 99%| O|  |TS  0|AC  0|TAMS 0x00000007017fff80, 0x00000007017fff80|
|  24|0x0000000701800000, 0x00000007018fff00, 0x0000000701900000| 99%| O|  |TS  0|AC  0|TAMS 0x00000007018fff00, 0x00000007018fff00|
|  25|0x0000000701900000, 0x00000007019fff70, 0x0000000701a00000| 99%| O|  |TS  0|AC  0|TAMS 0x00000007019fff70, 0x00000007019fff70|
|  26|0x0000000701a00000, 0x0000000701b00000, 0x0000000701b00000|100%| O|  |TS  0|AC  0|TAMS 0x0000000701b00000, 0x0000000701b00000|
|  27|0x0000000701b00000, 0x0000000701bfffd8, 0x0000000701c00000| 99%| O|  |TS  0|AC  0|TAMS 0x0000000701bfffd8, 0x0000000701bfffd8|
|  28|0x0000000701c00000, 0x0000000701cfffe8, 0x0000000701d00000| 99%| O|  |TS  0|AC  0|TAMS 0x0000000701cfffe8, 0x0000000701cfffe8|
|  29|0x0000000701d00000, 0x0000000701e00000, 0x0000000701e00000|100%| O|  |TS  0|AC  0|TAMS 0x0000000701e00000, 0x0000000701e00000|
|  30|0x0000000701e00000, 0x0000000701f00000, 0x0000000701f00000|100%| O|  |TS  0|AC  0|TAMS 0x0000000701f00000, 0x0000000701f00000|
|  31|0x0000000701f00000, 0x0000000701ffffc0, 0x0000000702000000| 99%| O|  |TS  0|AC  0|TAMS 0x0000000701ffffc0, 0x0000000701ffffc0|
|  32|0x0000000702000000, 0x00000007020c3190, 0x0000000702100000| 76%| O|  |TS  0|AC  0|TAMS 0x00000007020c3190, 0x00000007020c3190|
|  33|0x0000000702100000, 0x00000007021ff6c0, 0x0000000702200000| 99%| O|  |TS  0|AC  0|TAMS 0x00000007021ff6c0, 0x00000007021ff6c0|
|  34|0x0000000702200000, 0x0000000702300000, 0x0000000702300000|100%| O|  |TS  0|AC  0|TAMS 0x0000000702300000, 0x0000000702300000|
|  35|0x0000000702300000, 0x00000007023ffff8, 0x0000000702400000| 99%| O|  |TS  0|AC  0|TAMS 0x00000007023ffff8, 0x00000007023ffff8|
|  36|0x0000000702400000, 0x00000007024fffe8, 0x0000000702500000| 99%| O|  |TS  0|AC  0|TAMS 0x00000007024fffe8, 0x00000007024fffe8|
|  37|0x0000000702500000, 0x00000007025fffb8, 0x0000000702600000| 99%| O|  |TS  0|AC  0|TAMS 0x00000007025fffb8, 0x00000007025fffb8|
|  38|0x0000000702600000, 0x00000007026f5ba0, 0x0000000702700000| 95%| O|  |TS  0|AC  0|TAMS 0x00000007026f5ba0, 0x00000007026f5ba0|
|  39|0x0000000702700000, 0x0000000702800000, 0x0000000702800000|100%|HS|  |TS  0|AC  0|TAMS 0x0000000702800000, 0x0000000702800000|
|  40|0x0000000702800000, 0x0000000702900000, 0x0000000702900000|100%|HC|  |TS  0|AC  0|TAMS 0x0000000702900000, 0x0000000702900000|
|  41|0x0000000702900000, 0x0000000702a00000, 0x0000000702a00000|100%|HC|  |TS  0|AC  0|TAMS 0x0000000702a00000, 0x0000000702a00000|
|  42|0x0000000702a00000, 0x0000000702b00000, 0x0000000702b00000|100%|HC|  |TS  0|AC  0|TAMS 0x0000000702b00000, 0x0000000702b00000|
|  43|0x0000000702b00000, 0x0000000702c00000, 0x0000000702c00000|100%|HC|  |TS  0|AC  0|TAMS 0x0000000702c00000, 0x0000000702c00000|
|  44|0x0000000702c00000, 0x0000000702d00000, 0x0000000702d00000|100%|HC|  |TS  0|AC  0|TAMS 0x0000000702d00000, 0x0000000702d00000|
|  45|0x0000000702d00000, 0x0000000702e00000, 0x0000000702e00000|100%|HC|  |TS  0|AC  0|TAMS 0x0000000702e00000, 0x0000000702e00000|
|  46|0x0000000702e00000, 0x0000000702f00000, 0x0000000702f00000|100%|HC|  |TS  0|AC  0|TAMS 0x0000000702f00000, 0x0000000702f00000|
|  47|0x0000000702f00000, 0x0000000703000000, 0x0000000703000000|100%|HS|  |TS  0|AC  0|TAMS 0x0000000703000000, 0x0000000703000000|
|  48|0x0000000703000000, 0x0000000703100000, 0x0000000703100000|100%|HC|  |TS  0|AC  0|TAMS 0x0000000703100000, 0x0000000703100000|
|  49|0x0000000703100000, 0x0000000703200000, 0x0000000703200000|100%|HC|  |TS  0|AC  0|TAMS 0x0000000703200000, 0x0000000703200000|
|  50|0x0000000703200000, 0x0000000703300000, 0x0000000703300000|100%|HC|  |TS  0|AC  0|TAMS 0x0000000703300000, 0x0000000703300000|
|  51|0x0000000703300000, 0x0000000703400000, 0x0000000703400000|100%|HC|  |TS  0|AC  0|TAMS 0x0000000703400000, 0x0000000703400000|
|  52|0x0000000703400000, 0x00000007034f2e00, 0x0000000703500000| 94%| O|  |TS  0|AC  0|TAMS 0x00000007034f2e00, 0x00000007034f2e00|
|  53|0x0000000703500000, 0x0000000703600000, 0x0000000703600000|100%| O|  |TS  0|AC  0|TAMS 0x0000000703600000, 0x0000000703600000|
|  54|0x0000000703600000, 0x00000007036ffff0, 0x0000000703700000| 99%| O|  |TS  0|AC  0|TAMS 0x00000007036ffff0, 0x00000007036ffff0|
|  55|0x0000000703700000, 0x00000007037fffe8, 0x0000000703800000| 99%| O|  |TS  0|AC  0|TAMS 0x00000007037fffe8, 0x00000007037fffe8|
|  56|0x0000000703800000, 0x00000007038feba8, 0x0000000703900000| 99%| O|  |TS  0|AC  0|TAMS 0x00000007038feba8, 0x00000007038feba8|
|  57|0x0000000703900000, 0x00000007039ffff8, 0x0000000703a00000| 99%| O|  |TS  0|AC  0|TAMS 0x00000007039ffff8, 0x00000007039ffff8|
|  58|0x0000000703a00000, 0x0000000703affff8, 0x0000000703b00000| 99%| O|  |TS  0|AC  0|TAMS 0x0000000703affff8, 0x0000000703affff8|
|  59|0x0000000703b00000, 0x0000000703bfff38, 0x0000000703c00000| 99%| O|  |TS  0|AC  0|TAMS 0x0000000703bfff38, 0x0000000703bfff38|
|  60|0x0000000703c00000, 0x0000000703d00000, 0x0000000703d00000|100%| O|  |TS  0|AC  0|TAMS 0x0000000703d00000, 0x0000000703d00000|
|  61|0x0000000703d00000, 0x0000000703dffff0, 0x0000000703e00000| 99%| O|  |TS  0|AC  0|TAMS 0x0000000703dffff0, 0x0000000703dffff0|
|  62|0x0000000703e00000, 0x0000000703efffb8, 0x0000000703f00000| 99%| O|  |TS  0|AC  0|TAMS 0x0000000703efffb8, 0x0000000703efffb8|
|  63|0x0000000703f00000, 0x0000000704000000, 0x0000000704000000|100%| O|  |TS  0|AC  0|TAMS 0x0000000704000000, 0x0000000704000000|
|  64|0x0000000704000000, 0x0000000704100000, 0x0000000704100000|100%| O|  |TS  0|AC  0|TAMS 0x0000000704100000, 0x0000000704100000|
|  65|0x0000000704100000, 0x00000007041ffff8, 0x0000000704200000| 99%| O|  |TS  0|AC  0|TAMS 0x00000007041ffff8, 0x00000007041ffff8|
|  66|0x0000000704200000, 0x00000007042ffff0, 0x0000000704300000| 99%| O|  |TS  0|AC  0|TAMS 0x00000007042ffff0, 0x00000007042ffff0|
|  67|0x0000000704300000, 0x0000000704400000, 0x0000000704400000|100%|HS|  |TS  0|AC  0|TAMS 0x0000000704400000, 0x0000000704400000|
|  68|0x0000000704400000, 0x0000000704500000, 0x0000000704500000|100%|HC|  |TS  0|AC  0|TAMS 0x0000000704500000, 0x0000000704500000|
|  69|0x0000000704500000, 0x0000000704600000, 0x0000000704600000|100%|HC|  |TS  0|AC  0|TAMS 0x0000000704600000, 0x0000000704600000|
|  70|0x0000000704600000, 0x0000000704700000, 0x0000000704700000|100%|HC|  |TS  0|AC  0|TAMS 0x0000000704700000, 0x0000000704700000|
|  71|0x0000000704700000, 0x0000000704800000, 0x0000000704800000|100%| O|  |TS  0|AC  0|TAMS 0x0000000704800000, 0x0000000704800000|
|  72|0x0000000704800000, 0x00000007048fffe0, 0x0000000704900000| 99%| O|  |TS  0|AC  0|TAMS 0x00000007048fffe0, 0x00000007048fffe0|
|  73|0x0000000704900000, 0x0000000704a00000, 0x0000000704a00000|100%| O|  |TS  0|AC  0|TAMS 0x0000000704a00000, 0x0000000704a00000|
|  74|0x0000000704a00000, 0x0000000704affff0, 0x0000000704b00000| 99%| O|  |TS  0|AC  0|TAMS 0x0000000704affff0, 0x0000000704affff0|
|  75|0x0000000704b00000, 0x0000000704bffff8, 0x0000000704c00000| 99%| O|  |TS  0|AC  0|TAMS 0x0000000704bffff8, 0x0000000704bffff8|
|  76|0x0000000704c00000, 0x0000000704cfeb50, 0x0000000704d00000| 99%| O|  |TS  0|AC  0|TAMS 0x0000000704cfeb50, 0x0000000704cfeb50|
|  77|0x0000000704d00000, 0x0000000704dffff0, 0x0000000704e00000| 99%| O|  |TS  0|AC  0|TAMS 0x0000000704dffff0, 0x0000000704dffff0|
|  78|0x0000000704e00000, 0x0000000704efffc8, 0x0000000704f00000| 99%| O|  |TS  0|AC  0|TAMS 0x0000000704efffc8, 0x0000000704efffc8|
|  79|0x0000000704f00000, 0x0000000705000000, 0x0000000705000000|100%| O|  |TS  0|AC  0|TAMS 0x0000000705000000, 0x0000000705000000|
|  80|0x0000000705000000, 0x00000007050ed658, 0x0000000705100000| 92%| O|  |TS  0|AC  0|TAMS 0x00000007050ed658, 0x00000007050ed658|
|  81|0x0000000705100000, 0x0000000705100000, 0x0000000705200000|  0%| F|  |TS  0|AC  0|TAMS 0x0000000705100000, 0x0000000705100000|
|  82|0x0000000705200000, 0x0000000705200000, 0x0000000705300000|  0%| F|  |TS  0|AC  0|TAMS 0x0000000705200000, 0x0000000705200000|
|  83|0x0000000705300000, 0x0000000705300000, 0x0000000705400000|  0%| F|  |TS  0|AC  0|TAMS 0x0000000705300000, 0x0000000705300000|
|  84|0x0000000705400000, 0x0000000705400000, 0x0000000705500000|  0%| F|  |TS  0|AC  0|TAMS 0x0000000705400000, 0x0000000705400000|
|  85|0x0000000705500000, 0x0000000705500000, 0x0000000705600000|  0%| F|  |TS  0|AC  0|TAMS 0x0000000705500000, 0x0000000705500000|
|  86|0x0000000705600000, 0x0000000705600000, 0x0000000705700000|  0%| F|  |TS  0|AC  0|TAMS 0x0000000705600000, 0x0000000705600000|
|  87|0x0000000705700000, 0x0000000705700000, 0x0000000705800000|  0%| F|  |TS  0|AC  0|TAMS 0x0000000705700000, 0x0000000705700000|
|  88|0x0000000705800000, 0x0000000705800000, 0x0000000705900000|  0%| F|  |TS  0|AC  0|TAMS 0x0000000705800000, 0x0000000705800000|
|  89|0x0000000705900000, 0x0000000705900000, 0x0000000705a00000|  0%| F|  |TS  0|AC  0|TAMS 0x0000000705900000, 0x0000000705900000|
|  90|0x0000000705a00000, 0x0000000705a00000, 0x0000000705b00000|  0%| F|  |TS  0|AC  0|TAMS 0x0000000705a00000, 0x0000000705a00000|
|  91|0x0000000705b00000, 0x0000000705b00000, 0x0000000705c00000|  0%| F|  |TS  0|AC  0|TAMS 0x0000000705b00000, 0x0000000705b00000|
|  92|0x0000000705c00000, 0x0000000705c00000, 0x0000000705d00000|  0%| F|  |TS  0|AC  0|TAMS 0x0000000705c00000, 0x0000000705c00000|
|  93|0x0000000705d00000, 0x0000000705d00000, 0x0000000705e00000|  0%| F|  |TS  0|AC  0|TAMS 0x0000000705d00000, 0x0000000705d00000|
|  94|0x0000000705e00000, 0x0000000705e00000, 0x0000000705f00000|  0%| F|  |TS  0|AC  0|TAMS 0x0000000705e00000, 0x0000000705e00000|
|  95|0x0000000705f00000, 0x0000000705f00000, 0x0000000706000000|  0%| F|  |TS  0|AC  0|TAMS 0x0000000705f00000, 0x0000000705f00000|
|  96|0x0000000706000000, 0x0000000706000000, 0x0000000706100000|  0%| F|  |TS  0|AC  0|TAMS 0x0000000706000000, 0x0000000706000000|
|  97|0x0000000706100000, 0x0000000706100000, 0x0000000706200000|  0%| F|  |TS  0|AC  0|TAMS 0x0000000706100000, 0x0000000706100000|
|  98|0x0000000706200000, 0x0000000706200000, 0x0000000706300000|  0%| F|  |TS  0|AC  0|TAMS 0x0000000706200000, 0x0000000706200000|
|  99|0x0000000706300000, 0x0000000706300000, 0x0000000706400000|  0%| F|  |TS  0|AC  0|TAMS 0x0000000706300000, 0x0000000706300000|
| 100|0x0000000706400000, 0x0000000706400000, 0x0000000706500000|  0%| F|  |TS  0|AC  0|TAMS 0x0000000706400000, 0x0000000706400000|
| 101|0x0000000706500000, 0x0000000706500000, 0x0000000706600000|  0%| F|  |TS  0|AC  0|TAMS 0x0000000706500000, 0x0000000706500000|
| 102|0x0000000706600000, 0x0000000706600000, 0x0000000706700000|  0%| F|  |TS  0|AC  0|TAMS 0x0000000706600000, 0x0000000706600000|
| 103|0x0000000706700000, 0x0000000706700000, 0x0000000706800000|  0%| F|  |TS  0|AC  0|TAMS 0x0000000706700000, 0x0000000706700000|
| 104|0x0000000706800000, 0x0000000706800000, 0x0000000706900000|  0%| F|  |TS  0|AC  0|TAMS 0x0000000706800000, 0x0000000706800000|
| 105|0x0000000706900000, 0x0000000706900000, 0x0000000706a00000|  0%| F|  |TS  0|AC  0|TAMS 0x0000000706900000, 0x0000000706900000|
| 106|0x0000000706a00000, 0x0000000706a00000, 0x0000000706b00000|  0%| F|  |TS  0|AC  0|TAMS 0x0000000706a00000, 0x0000000706a00000|
| 107|0x0000000706b00000, 0x0000000706b00000, 0x0000000706c00000|  0%| F|  |TS  0|AC  0|TAMS 0x0000000706b00000, 0x0000000706b00000|
| 108|0x0000000706c00000, 0x0000000706c00000, 0x0000000706d00000|  0%| F|  |TS  0|AC  0|TAMS 0x0000000706c00000, 0x0000000706c00000|
| 109|0x0000000706d00000, 0x0000000706d00000, 0x0000000706e00000|  0%| F|  |TS  0|AC  0|TAMS 0x0000000706d00000, 0x0000000706d00000|
| 110|0x0000000706e00000, 0x0000000706e00000, 0x0000000706f00000|  0%| F|  |TS  0|AC  0|TAMS 0x0000000706e00000, 0x0000000706e00000|
| 111|0x0000000706f00000, 0x0000000706f00000, 0x0000000707000000|  0%| F|  |TS  0|AC  0|TAMS 0x0000000706f00000, 0x0000000706f00000|
| 112|0x0000000707000000, 0x0000000707000000, 0x0000000707100000|  0%| F|  |TS  0|AC  0|TAMS 0x0000000707000000, 0x0000000707000000|
| 113|0x0000000707100000, 0x0000000707100000, 0x0000000707200000|  0%| F|  |TS  0|AC  0|TAMS 0x0000000707100000, 0x0000000707100000|
| 114|0x0000000707200000, 0x0000000707200000, 0x0000000707300000|  0%| F|  |TS  0|AC  0|TAMS 0x0000000707200000, 0x0000000707200000|
| 115|0x0000000707300000, 0x0000000707300000, 0x0000000707400000|  0%| F|  |TS  0|AC  0|TAMS 0x0000000707300000, 0x0000000707300000|
| 116|0x0000000707400000, 0x0000000707400000, 0x0000000707500000|  0%| F|  |TS  1|AC  0|TAMS 0x0000000707400000, 0x0000000707400000|
| 117|0x0000000707500000, 0x0000000707500000, 0x0000000707600000|  0%| F|  |TS  1|AC  0|TAMS 0x0000000707500000, 0x0000000707500000|
| 118|0x0000000707600000, 0x000000070762af30, 0x0000000707700000| 16%| S|CS|TS  1|AC  0|TAMS 0x0000000707600000, 0x0000000707600000|
| 119|0x0000000707700000, 0x0000000707800000, 0x0000000707800000|100%| S|CS|TS  1|AC  0|TAMS 0x0000000707700000, 0x0000000707700000|
| 120|0x0000000707800000, 0x0000000707800000, 0x0000000707900000|  0%| F|  |TS  1|AC  0|TAMS 0x0000000707800000, 0x0000000707800000|
| 121|0x0000000707900000, 0x0000000707900000, 0x0000000707a00000|  0%| F|  |TS  1|AC  0|TAMS 0x0000000707900000, 0x0000000707900000|
| 122|0x0000000707a00000, 0x0000000707a00000, 0x0000000707b00000|  0%| F|  |TS  1|AC  0|TAMS 0x0000000707a00000, 0x0000000707a00000|
| 123|0x0000000707b00000, 0x0000000707b00000, 0x0000000707c00000|  0%| F|  |TS  1|AC  0|TAMS 0x0000000707b00000, 0x0000000707b00000|
| 124|0x0000000707c00000, 0x0000000707c00000, 0x0000000707d00000|  0%| F|  |TS  1|AC  0|TAMS 0x0000000707c00000, 0x0000000707c00000|
| 125|0x0000000707d00000, 0x0000000707d00000, 0x0000000707e00000|  0%| F|  |TS  1|AC  0|TAMS 0x0000000707d00000, 0x0000000707d00000|
| 126|0x0000000707e00000, 0x0000000707e00000, 0x0000000707f00000|  0%| F|  |TS  1|AC  0|TAMS 0x0000000707e00000, 0x0000000707e00000|
| 127|0x0000000707f00000, 0x0000000707f00000, 0x0000000708000000|  0%| F|  |TS  1|AC  0|TAMS 0x0000000707f00000, 0x0000000707f00000|
| 128|0x0000000708000000, 0x0000000708000000, 0x0000000708100000|  0%| F|  |TS  1|AC  0|TAMS 0x0000000708000000, 0x0000000708000000|
| 129|0x0000000708100000, 0x0000000708100000, 0x0000000708200000|  0%| F|  |TS  1|AC  0|TAMS 0x0000000708100000, 0x0000000708100000|
| 130|0x0000000708200000, 0x0000000708200000, 0x0000000708300000|  0%| F|  |TS  1|AC  0|TAMS 0x0000000708200000, 0x0000000708200000|
| 131|0x0000000708300000, 0x0000000708300000, 0x0000000708400000|  0%| F|  |TS  1|AC  0|TAMS 0x0000000708300000, 0x0000000708300000|
| 132|0x0000000708400000, 0x0000000708400000, 0x0000000708500000|  0%| F|  |TS  1|AC  0|TAMS 0x0000000708400000, 0x0000000708400000|
| 133|0x0000000708500000, 0x0000000708500000, 0x0000000708600000|  0%| F|  |TS  1|AC  0|TAMS 0x0000000708500000, 0x0000000708500000|
| 134|0x0000000708600000, 0x0000000708600000, 0x0000000708700000|  0%| F|  |TS  1|AC  0|TAMS 0x0000000708600000, 0x0000000708600000|
| 135|0x0000000708700000, 0x0000000708700000, 0x0000000708800000|  0%| F|  |TS  1|AC  0|TAMS 0x0000000708700000, 0x0000000708700000|
| 136|0x0000000708800000, 0x0000000708800000, 0x0000000708900000|  0%| F|  |TS  1|AC  0|TAMS 0x0000000708800000, 0x0000000708800000|
| 137|0x0000000708900000, 0x0000000708900000, 0x0000000708a00000|  0%| F|  |TS  1|AC  0|TAMS 0x0000000708900000, 0x0000000708900000|
| 138|0x0000000708a00000, 0x0000000708a00000, 0x0000000708b00000|  0%| F|  |TS  1|AC  0|TAMS 0x0000000708a00000, 0x0000000708a00000|
| 139|0x0000000708b00000, 0x0000000708b00000, 0x0000000708c00000|  0%| F|  |TS  1|AC  0|TAMS 0x0000000708b00000, 0x0000000708b00000|
| 140|0x0000000708c00000, 0x0000000708c00000, 0x0000000708d00000|  0%| F|  |TS  1|AC  0|TAMS 0x0000000708c00000, 0x0000000708c00000|
| 141|0x0000000708d00000, 0x0000000708d00000, 0x0000000708e00000|  0%| F|  |TS  1|AC  0|TAMS 0x0000000708d00000, 0x0000000708d00000|
| 142|0x0000000708e00000, 0x0000000708e00000, 0x0000000708f00000|  0%| F|  |TS  1|AC  0|TAMS 0x0000000708e00000, 0x0000000708e00000|
| 143|0x0000000708f00000, 0x0000000708f00000, 0x0000000709000000|  0%| F|  |TS  1|AC  0|TAMS 0x0000000708f00000, 0x0000000708f00000|
| 144|0x0000000709000000, 0x0000000709000000, 0x0000000709100000|  0%| F|  |TS  1|AC  0|TAMS 0x0000000709000000, 0x0000000709000000|
| 145|0x0000000709100000, 0x0000000709100000, 0x0000000709200000|  0%| F|  |TS  1|AC  0|TAMS 0x0000000709100000, 0x0000000709100000|
| 146|0x0000000709200000, 0x0000000709200000, 0x0000000709300000|  0%| F|  |TS  1|AC  0|TAMS 0x0000000709200000, 0x0000000709200000|
| 147|0x0000000709300000, 0x0000000709300000, 0x0000000709400000|  0%| F|  |TS  1|AC  0|TAMS 0x0000000709300000, 0x0000000709300000|
| 148|0x0000000709400000, 0x0000000709400000, 0x0000000709500000|  0%| F|  |TS  1|AC  0|TAMS 0x0000000709400000, 0x0000000709400000|
| 149|0x0000000709500000, 0x0000000709500000, 0x0000000709600000|  0%| F|  |TS  1|AC  0|TAMS 0x0000000709500000, 0x0000000709500000|
| 150|0x0000000709600000, 0x0000000709600000, 0x0000000709700000|  0%| F|  |TS  1|AC  0|TAMS 0x0000000709600000, 0x0000000709600000|
| 151|0x0000000709700000, 0x0000000709700000, 0x0000000709800000|  0%| F|  |TS  1|AC  0|TAMS 0x0000000709700000, 0x0000000709700000|
| 152|0x0000000709800000, 0x0000000709800000, 0x0000000709900000|  0%| F|  |TS  1|AC  0|TAMS 0x0000000709800000, 0x0000000709800000|
| 153|0x0000000709900000, 0x0000000709900000, 0x0000000709a00000|  0%| F|  |TS  1|AC  0|TAMS 0x0000000709900000, 0x0000000709900000|
| 154|0x0000000709a00000, 0x0000000709a00000, 0x0000000709b00000|  0%| F|  |TS  1|AC  0|TAMS 0x0000000709a00000, 0x0000000709a00000|
| 155|0x0000000709b00000, 0x0000000709b00000, 0x0000000709c00000|  0%| F|  |TS  1|AC  0|TAMS 0x0000000709b00000, 0x0000000709b00000|
| 156|0x0000000709c00000, 0x0000000709c00000, 0x0000000709d00000|  0%| F|  |TS  1|AC  0|TAMS 0x0000000709c00000, 0x0000000709c00000|
| 157|0x0000000709d00000, 0x0000000709d00000, 0x0000000709e00000|  0%| F|  |TS  1|AC  0|TAMS 0x0000000709d00000, 0x0000000709d00000|
| 158|0x0000000709e00000, 0x0000000709e00000, 0x0000000709f00000|  0%| F|  |TS  1|AC  0|TAMS 0x0000000709e00000, 0x0000000709e00000|
| 159|0x0000000709f00000, 0x0000000709f00000, 0x000000070a000000|  0%| F|  |TS  1|AC  0|TAMS 0x0000000709f00000, 0x0000000709f00000|
| 160|0x000000070a000000, 0x000000070a000000, 0x000000070a100000|  0%| F|  |TS  1|AC  0|TAMS 0x000000070a000000, 0x000000070a000000|
| 161|0x000000070a100000, 0x000000070a100000, 0x000000070a200000|  0%| F|  |TS  1|AC  0|TAMS 0x000000070a100000, 0x000000070a100000|
| 162|0x000000070a200000, 0x000000070a200000, 0x000000070a300000|  0%| F|  |TS  1|AC  0|TAMS 0x000000070a200000, 0x000000070a200000|
| 163|0x000000070a300000, 0x000000070a300000, 0x000000070a400000|  0%| F|  |TS  1|AC  0|TAMS 0x000000070a300000, 0x000000070a300000|
| 164|0x000000070a400000, 0x000000070a400000, 0x000000070a500000|  0%| F|  |TS  1|AC  0|TAMS 0x000000070a400000, 0x000000070a400000|
| 165|0x000000070a500000, 0x000000070a500000, 0x000000070a600000|  0%| F|  |TS  1|AC  0|TAMS 0x000000070a500000, 0x000000070a500000|
| 166|0x000000070a600000, 0x000000070a600000, 0x000000070a700000|  0%| F|  |TS  1|AC  0|TAMS 0x000000070a600000, 0x000000070a600000|
| 167|0x000000070a700000, 0x000000070a700000, 0x000000070a800000|  0%| F|  |TS  1|AC  0|TAMS 0x000000070a700000, 0x000000070a700000|
| 168|0x000000070a800000, 0x000000070a88cf70, 0x000000070a900000| 55%| E|  |TS  1|AC  0|TAMS 0x000000070a800000, 0x000000070a800000|
| 169|0x000000070a900000, 0x000000070aa00000, 0x000000070aa00000|100%| E|CS|TS  1|AC  0|TAMS 0x000000070a900000, 0x000000070a900000|
| 170|0x000000070aa00000, 0x000000070ab00000, 0x000000070ab00000|100%| E|CS|TS  1|AC  0|TAMS 0x000000070aa00000, 0x000000070aa00000|
| 171|0x000000070ab00000, 0x000000070ac00000, 0x000000070ac00000|100%| E|CS|TS  1|AC  0|TAMS 0x000000070ab00000, 0x000000070ab00000|
| 172|0x000000070ac00000, 0x000000070ad00000, 0x000000070ad00000|100%| E|CS|TS  1|AC  0|TAMS 0x000000070ac00000, 0x000000070ac00000|
| 173|0x000000070ad00000, 0x000000070ae00000, 0x000000070ae00000|100%| E|CS|TS  1|AC  0|TAMS 0x000000070ad00000, 0x000000070ad00000|
| 174|0x000000070ae00000, 0x000000070af00000, 0x000000070af00000|100%| E|CS|TS  1|AC  0|TAMS 0x000000070ae00000, 0x000000070ae00000|
| 175|0x000000070af00000, 0x000000070b000000, 0x000000070b000000|100%| E|CS|TS  1|AC  0|TAMS 0x000000070af00000, 0x000000070af00000|
| 176|0x000000070b000000, 0x000000070b100000, 0x000000070b100000|100%| E|CS|TS  1|AC  0|TAMS 0x000000070b000000, 0x000000070b000000|
| 177|0x000000070b100000, 0x000000070b200000, 0x000000070b200000|100%| E|CS|TS  1|AC  0|TAMS 0x000000070b100000, 0x000000070b100000|

Card table byte_map: [0x000002a64bf30000,0x000002a64c530000] byte_map_base: 0x000002a648730000

Marking Bits (Prev, Next): (CMBitMap*) 0x000002a633052cb0, (CMBitMap*) 0x000002a633052ce8
 Prev Bits: [0x000002a64cb30000, 0x000002a64fb30000)
 Next Bits: [0x000002a64fb30000, 0x000002a652b30000)

Polling page: 0x000002a629cc0000

CodeHeap 'non-profiled nmethods': size=120000Kb used=16020Kb max_used=16020Kb free=103979Kb
 bounds [0x000002a644400000, 0x000002a6453b0000, 0x000002a64b930000]
CodeHeap 'profiled nmethods': size=120000Kb used=38724Kb max_used=38724Kb free=81275Kb
 bounds [0x000002a63ced0000, 0x000002a63f4d0000, 0x000002a644400000]
CodeHeap 'non-nmethods': size=5760Kb used=1777Kb max_used=1866Kb free=3982Kb
 bounds [0x000002a63c930000, 0x000002a63cba0000, 0x000002a63ced0000]
 total_blobs=24039 nmethods=14273 adapters=1105
 compilation: enabled

Compilation events (10 events):
Event: 215.225 Thread 0x000002a632030800 16765       1       ui.utils.i.j.t::eBc (5 bytes)
Event: 215.225 Thread 0x000002a632030800 nmethod 16765 0x000002a6453a5490 code [0x000002a6453a5640, 0x000002a6453a5758]
Event: 215.259 Thread 0x000002a632030800 16766       3       com.jidesoft.plaf.basic.BasicJideTabbedPaneUI$ScrollableTabSupport::stateChanged (1317 bytes)
Event: 215.266 Thread 0x000002a632030800 nmethod 16766 0x000002a63f4b8190 code [0x000002a63f4b8940, 0x000002a63f4be390]
Event: 215.267 Thread 0x000002a632030800 16768       3       com.jidesoft.plaf.basic.BasicJideTabbedPaneUI::getClosestTab (394 bytes)
Event: 215.268 Thread 0x000002a632030800 nmethod 16768 0x000002a63f4c0210 code [0x000002a63f4c04c0, 0x000002a63f4c1940]
Event: 215.268 Thread 0x000002a632030800 16767       3       com.jidesoft.plaf.basic.BasicJideTabbedPaneUI::access$2200 (7 bytes)
Event: 215.268 Thread 0x000002a632030800 nmethod 16767 0x000002a63f4c1f90 code [0x000002a63f4c2140, 0x000002a63f4c22b0]
Event: 215.268 Thread 0x000002a632030800 16769       1       javax.swing.JComponent::getUIClassID (3 bytes)
Event: 215.268 Thread 0x000002a632030800 nmethod 16769 0x000002a6453a5810 code [0x000002a6453a59c0, 0x000002a6453a5ad8]

GC Heap History (10 events):
Event: 181.592 GC heap before
{Heap before GC invocations=58 (full 3):
 garbage-first heap   total 182272K, used 149374K [0x0000000700000000, 0x0000000700100590, 0x00000007c0000000)
  region size 1024K, 60 young (61440K), 2 survivors (2048K)
 Metaspace       used 76826K, capacity 82838K, committed 83072K, reserved 1120256K
  class space    used 10802K, capacity 11833K, committed 11904K, reserved 1048576K
}
Event: 181.596 GC heap after
{Heap after GC invocations=59 (full 3):
 garbage-first heap   total 182272K, used 90280K [0x0000000700000000, 0x0000000700100590, 0x00000007c0000000)
  region size 1024K, 2 young (2048K), 2 survivors (2048K)
 Metaspace       used 76826K, capacity 82838K, committed 83072K, reserved 1120256K
  class space    used 10802K, capacity 11833K, committed 11904K, reserved 1048576K
}
Event: 199.039 GC heap before
{Heap before GC invocations=60 (full 3):
 garbage-first heap   total 182272K, used 149672K [0x0000000700000000, 0x0000000700100590, 0x00000007c0000000)
  region size 1024K, 60 young (61440K), 2 survivors (2048K)
 Metaspace       used 77108K, capacity 83050K, committed 83328K, reserved 1120256K
  class space    used 10808K, capacity 11835K, committed 11904K, reserved 1048576K
}
Event: 199.045 GC heap after
{Heap after GC invocations=61 (full 3):
 garbage-first heap   total 182272K, used 90833K [0x0000000700000000, 0x0000000700100590, 0x00000007c0000000)
  region size 1024K, 3 young (3072K), 3 survivors (3072K)
 Metaspace       used 77108K, capacity 83050K, committed 83328K, reserved 1120256K
  class space    used 10808K, capacity 11835K, committed 11904K, reserved 1048576K
}
Event: 202.751 GC heap before
{Heap before GC invocations=61 (full 3):
 garbage-first heap   total 182272K, used 129745K [0x0000000700000000, 0x0000000700100590, 0x00000007c0000000)
  region size 1024K, 42 young (43008K), 3 survivors (3072K)
 Metaspace       used 77145K, capacity 83114K, committed 83328K, reserved 1120256K
  class space    used 10809K, capacity 11835K, committed 11904K, reserved 1048576K
}
Event: 203.099 GC heap after
{Heap after GC invocations=62 (full 4):
 garbage-first heap   total 182272K, used 82101K [0x0000000700000000, 0x0000000700100590, 0x00000007c0000000)
  region size 1024K, 0 young (0K), 0 survivors (0K)
 Metaspace       used 77145K, capacity 83114K, committed 83328K, reserved 1120256K
  class space    used 10809K, capacity 11835K, committed 11904K, reserved 1048576K
}
Event: 208.178 GC heap before
{Heap before GC invocations=62 (full 4):
 garbage-first heap   total 182272K, used 143541K [0x0000000700000000, 0x0000000700100590, 0x00000007c0000000)
  region size 1024K, 60 young (61440K), 0 survivors (0K)
 Metaspace       used 77327K, capacity 83274K, committed 83328K, reserved 1120256K
  class space    used 10836K, capacity 11867K, committed 11904K, reserved 1048576K
}
Event: 208.183 GC heap after
{Heap after GC invocations=63 (full 4):
 garbage-first heap   total 182272K, used 83510K [0x0000000700000000, 0x0000000700100590, 0x00000007c0000000)
  region size 1024K, 2 young (2048K), 2 survivors (2048K)
 Metaspace       used 77327K, capacity 83274K, committed 83328K, reserved 1120256K
  class space    used 10836K, capacity 11867K, committed 11904K, reserved 1048576K
}
Event: 214.512 GC heap before
{Heap before GC invocations=64 (full 4):
 garbage-first heap   total 182272K, used 142902K [0x0000000700000000, 0x0000000700100590, 0x00000007c0000000)
  region size 1024K, 60 young (61440K), 2 survivors (2048K)
 Metaspace       used 77375K, capacity 83338K, committed 83584K, reserved 1120256K
  class space    used 10836K, capacity 11867K, committed 11904K, reserved 1048576K
}
Event: 214.516 GC heap after
{Heap after GC invocations=65 (full 4):
 garbage-first heap   total 182272K, used 83297K [0x0000000700000000, 0x0000000700100590, 0x00000007c0000000)
  region size 1024K, 2 young (2048K), 2 survivors (2048K)
 Metaspace       used 77375K, capacity 83338K, committed 83584K, reserved 1120256K
  class space    used 10836K, capacity 11867K, committed 11904K, reserved 1048576K
}

Deoptimization events (10 events):
Event: 180.620 Thread 0x000002a657de8000 Uncommon trap: reason=bimorphic_or_optimized_type_check action=maybe_recompile pc=0x000002a644dd9fc0 method=java.util.ArrayList.addAll(Ljava/util/Collection;)Z @ 1 c2
Event: 180.620 Thread 0x000002a657de8000 Uncommon trap: reason=bimorphic_or_optimized_type_check action=maybe_recompile pc=0x000002a644dd9fc0 method=java.util.ArrayList.addAll(Ljava/util/Collection;)Z @ 1 c2
Event: 184.708 Thread 0x000002a657de8000 Uncommon trap: reason=unstable_if action=reinterpret pc=0x000002a6449179b4 method=java.util.concurrent.locks.AbstractQueuedSynchronizer.findNodeFromTail(Ljava/util/concurrent/locks/AbstractQueuedSynchronizer$Node;)Z @ 7 c2
Event: 186.974 Thread 0x000002a657de8000 Uncommon trap: reason=unstable_if action=reinterpret pc=0x000002a644abc218 method=java.util.HashMap$HashIterator.<init>(Ljava/util/HashMap;)V @ 45 c2
Event: 187.009 Thread 0x000002a657de8000 Uncommon trap: reason=unstable_if action=reinterpret pc=0x000002a6444c7a30 method=java.util.HashMap$HashIterator.<init>(Ljava/util/HashMap;)V @ 45 c2
Event: 190.976 Thread 0x000002a657de8000 Uncommon trap: reason=unstable_if action=reinterpret pc=0x000002a6444c2468 method=java.util.HashMap$HashIterator.<init>(Ljava/util/HashMap;)V @ 45 c2
Event: 203.495 Thread 0x000002a657de8000 Uncommon trap: reason=class_check action=maybe_recompile pc=0x000002a644fb6b30 method=sun.java2d.SunGraphics2D.addRenderingHints(Ljava/util/Map;)V @ 3 c2
Event: 203.502 Thread 0x000002a657de8000 Uncommon trap: reason=unstable_if action=reinterpret pc=0x000002a64520e370 method=com.jidesoft.editor.SyntaxUtils.a(Lcom/jidesoft/editor/CodeEditor;Ljavax/swing/text/Segment;IILjava/awt/Graphics;Ljavax/swing/text/TabExpander;I[I)I @ 398 c2
Event: 203.616 Thread 0x000002a657de8000 Uncommon trap: reason=class_check action=maybe_recompile pc=0x000002a644fb6b30 method=sun.java2d.SunGraphics2D.addRenderingHints(Ljava/util/Map;)V @ 3 c2
Event: 213.903 Thread 0x000002a657de8000 Uncommon trap: reason=class_check action=maybe_recompile pc=0x000002a644fb6b30 method=sun.java2d.SunGraphics2D.addRenderingHints(Ljava/util/Map;)V @ 3 c2

Classes redefined (0 events):
No events

Internal exceptions (10 events):
Event: 152.046 Thread 0x000002a657de8000 Exception <a 'java/lang/NoSuchMethodError'{0x000000070a122b30}: method resolution failed> (0x000000070a122b30) thrown at [t:/workspace/hotspot/src/share/vm/prims/methodHandles.cpp, line 1256]
Event: 152.048 Thread 0x000002a657de8000 Exception <a 'java/lang/NoSuchMethodError'{0x000000070a146388}: method resolution failed> (0x000000070a146388) thrown at [t:/workspace/hotspot/src/share/vm/prims/methodHandles.cpp, line 1256]
Event: 152.049 Thread 0x000002a657de8000 Exception <a 'java/lang/NoSuchMethodError'{0x000000070a156710}: method resolution failed> (0x000000070a156710) thrown at [t:/workspace/hotspot/src/share/vm/prims/methodHandles.cpp, line 1256]
Event: 152.049 Thread 0x000002a657de8000 Exception <a 'java/lang/NoSuchMethodError'{0x000000070a15bad0}: java.lang.invoke.DelegatingMethodHandle$Holder.reinvoke_L(Ljava/lang/Object;Ljava/lang/Object;Ljava/lang/Object;Ljava/lang/Object;Ljava/lang/Object;IILjava/lang/Object;Ljava/lang/Object;IILja
Event: 152.152 Thread 0x000002a657de8000 Implicit null exception at 0x000002a6444994cc to 0x000002a644499519
Event: 152.152 Thread 0x000002a657de8000 Implicit null exception at 0x000002a644772050 to 0x000002a6447720d0
Event: 153.956 Thread 0x000002a657de8000 Implicit null exception at 0x000002a644dab5c0 to 0x000002a644dacff5
Event: 169.990 Thread 0x000002a657de8000 Exception <a 'java/lang/NoSuchMethodError'{0x00000007091845b8}: java.lang.invoke.DirectMethodHandle$Holder.invokeSpecial(Ljava/lang/Object;Ljava/lang/Object;IILjava/lang/Object;ILjava/lang/Object;I)Ljava/lang/Object;> (0x00000007091845b8) thrown at [t:/wo
Event: 169.990 Thread 0x000002a657de8000 Exception <a 'java/lang/NoSuchMethodError'{0x0000000709187d28}: java.lang.invoke.DelegatingMethodHandle$Holder.reinvoke_L(Ljava/lang/Object;IILjava/lang/Object;ILjava/lang/Object;I)Ljava/lang/Object;> (0x0000000709187d28) thrown at [t:/workspace/hotspot/s
Event: 169.991 Thread 0x000002a657de8000 Exception <a 'java/lang/NoSuchMethodError'{0x00000007091b7c60}: method resolution failed> (0x00000007091b7c60) thrown at [t:/workspace/hotspot/src/share/vm/prims/methodHandles.cpp, line 1256]

Events (10 events):
Event: 213.131 Executing VM operation: BulkRevokeBias done
Event: 213.903 Thread 0x000002a657de8000 Uncommon trap: trap_request=0xffffffde fr.pc=0x000002a644fb6b30 relative=0x0000000000000950
Event: 213.903 Thread 0x000002a657de8000 DEOPT PACKING pc=0x000002a644fb6b30 sp=0x000000ec0b3f89c0
Event: 213.903 Thread 0x000002a657de8000 DEOPT UNPACKING pc=0x000002a63c97df29 sp=0x000000ec0b3f89b8 mode 2
Event: 214.106 Thread 0x000002a663975800 Thread added: 0x000002a663975800
Event: 214.109 Thread 0x000002a663975800 Thread exited: 0x000002a663975800
Event: 214.512 Executing VM operation: G1IncCollectionPause
Event: 214.516 Executing VM operation: G1IncCollectionPause done
Event: 215.106 Thread 0x000002a663973000 Thread added: 0x000002a663973000
Event: 215.110 Thread 0x000002a663973000 Thread exited: 0x000002a663973000


Dynamic libraries:
0x00007ff618df0000 - 0x00007ff618e20000 	C:\Xilinx\Vivado\2018.3\bin\unwrapped\win64.o\vivado.exe
0x00007ffba0a20000 - 0x00007ffba0c10000 	C:\Windows\SYSTEM32\ntdll.dll
0x00007ffba07e0000 - 0x00007ffba0892000 	C:\Windows\System32\KERNEL32.DLL
0x00007ffb9e630000 - 0x00007ffb9e8d4000 	C:\Windows\System32\KERNELBASE.dll
0x00007ffb9e530000 - 0x00007ffb9e62a000 	C:\Windows\System32\ucrtbase.dll
0x00007ffb849c0000 - 0x00007ffb849d4000 	C:\Xilinx\Vivado\2018.3\lib\win64.o\libboost_signals.dll
0x00007ffb67f20000 - 0x00007ffb68db4000 	C:\Xilinx\Vivado\2018.3\lib\win64.o\librdi_common.dll
0x00007ffb833a0000 - 0x00007ffb833b4000 	C:\Xilinx\Vivado\2018.3\lib\win64.o\librdi_commonmain.dll
0x00007ffb8bff0000 - 0x00007ffb8c081000 	C:\Windows\SYSTEM32\MSVCP140.dll
0x00007ffb8c0c0000 - 0x00007ffb8c0d9000 	C:\Windows\SYSTEM32\VCRUNTIME140.dll
0x00007ffb9f9c0000 - 0x00007ffb9fb54000 	C:\Windows\System32\USER32.dll
0x00007ffb9ea50000 - 0x00007ffb9ea71000 	C:\Windows\System32\win32u.dll
0x00007ffb67bb0000 - 0x00007ffb67f1e000 	C:\Xilinx\Vivado\2018.3\lib\win64.o\libCOIN-all.dll
0x00007ffb678f0000 - 0x00007ffb67ba5000 	C:\Xilinx\Vivado\2018.3\lib\win64.o\libXil_lmgr11.dll
0x00007ffb9f6d0000 - 0x00007ffb9f6f6000 	C:\Windows\System32\GDI32.dll
0x00007ffb83380000 - 0x00007ffb83394000 	C:\Xilinx\Vivado\2018.3\lib\win64.o\libboost_date_time.dll
0x00007ffb9db00000 - 0x00007ffb9dc94000 	C:\Windows\System32\gdi32full.dll
0x00007ffb82a10000 - 0x00007ffb82a36000 	C:\Xilinx\Vivado\2018.3\lib\win64.o\libboost_filesystem.dll
0x00007ffba0710000 - 0x00007ffba07e0000 	C:\Windows\System32\COMDLG32.dll
0x00007ffb9e910000 - 0x00007ffb9e9ae000 	C:\Windows\System32\msvcp_win.dll
0x00007ffb9f620000 - 0x00007ffb9f6c3000 	C:\Windows\System32\ADVAPI32.dll
0x00007ffba0290000 - 0x00007ffba032e000 	C:\Windows\System32\msvcrt.dll
0x00007ffb8d8e0000 - 0x00007ffb8d8ea000 	C:\Xilinx\Vivado\2018.3\lib\win64.o\librdi_commonversion.dll
0x00007ffba0330000 - 0x00007ffba03c7000 	C:\Windows\System32\sechost.dll
0x00007ffba03d0000 - 0x00007ffba0706000 	C:\Windows\System32\combase.dll
0x00007ffb9f7d0000 - 0x00007ffb9f8f0000 	C:\Windows\System32\RPCRT4.dll
0x00007ffb9ed80000 - 0x00007ffb9f464000 	C:\Windows\System32\SHELL32.dll
0x00007ffb6ca00000 - 0x00007ffb6cb21000 	C:\Xilinx\Vivado\2018.3\lib\win64.o\librdi_commonxillic.dll
0x00007ffb9e9b0000 - 0x00007ffb9ea30000 	C:\Windows\System32\bcryptPrimitives.dll
0x00007ffb9ea80000 - 0x00007ffb9eaca000 	C:\Windows\System32\cfgmgr32.dll
0x00007ffba0930000 - 0x00007ffba09d9000 	C:\Windows\System32\shcore.dll
0x00007ffb815d0000 - 0x00007ffb8164f000 	C:\Xilinx\Vivado\2018.3\lib\win64.o\libboost_program_options.dll
0x0000000062de0000 - 0x0000000062f0b000 	C:\Xilinx\Vivado\2018.3\lib\win64.o\tcl85t.dll
0x00007ffb9dd00000 - 0x00007ffb9e47e000 	C:\Windows\System32\windows.storage.dll
0x00007ffb9f8f0000 - 0x00007ffb9f942000 	C:\Windows\System32\SHLWAPI.dll
0x00007ffb9f700000 - 0x00007ffb9f76f000 	C:\Windows\System32\WS2_32.dll
0x00007ffb9d910000 - 0x00007ffb9d933000 	C:\Windows\System32\profapi.dll
0x00007ffb6c800000 - 0x00007ffb6c914000 	C:\Xilinx\Vivado\2018.3\lib\win64.o\libboost_regex.dll
0x00007ffb9fb60000 - 0x00007ffb9fc24000 	C:\Windows\System32\OLEAUT32.dll
0x00007ffb8d8c0000 - 0x00007ffb8d8cb000 	C:\Xilinx\Vivado\2018.3\lib\win64.o\libboost_system.dll
0x00007ffb9ec10000 - 0x00007ffb9ed67000 	C:\Windows\System32\ole32.dll
0x00007ffb829b0000 - 0x00007ffb829d1000 	C:\Xilinx\Vivado\2018.3\lib\win64.o\libboost_thread.dll
0x00007ffb9dca0000 - 0x00007ffb9dcfc000 	C:\Windows\System32\WINTRUST.dll
0x00007ffb9d940000 - 0x00007ffb9d98a000 	C:\Windows\System32\powrprof.dll
0x00007ffb9d990000 - 0x00007ffb9d9a2000 	C:\Windows\System32\MSASN1.dll
0x00007ffb81320000 - 0x00007ffb813a2000 	C:\Xilinx\Vivado\2018.3\lib\win64.o\libhdlpsolve.dll
0x00007ffb9d8e0000 - 0x00007ffb9d8f0000 	C:\Windows\System32\UMPDC.dll
0x00007ffb9d9b0000 - 0x00007ffb9daf9000 	C:\Windows\System32\CRYPT32.dll
0x00007ffb87fb0000 - 0x00007ffb87fbf000 	C:\Xilinx\Vivado\2018.3\lib\win64.o\libboost_xilinx.dll
0x00007ffb7ff50000 - 0x00007ffb7fff5000 	C:\Xilinx\Vivado\2018.3\lib\win64.o\libhdxml.dll
0x00007ffb9d8f0000 - 0x00007ffb9d901000 	C:\Windows\System32\kernel.appcore.dll
0x00007ffb47000000 - 0x00007ffb4784e600 	C:\Xilinx\Vivado\2018.3\lib\win64.o\libisl_iostreams.dll
0x00007ffb81880000 - 0x00007ffb818ae000 	C:\Xilinx\Vivado\2018.3\lib\win64.o\libisl_sysinfo.dll
0x00007ffb9ea30000 - 0x00007ffb9ea47000 	C:\Windows\System32\cryptsp.dll
0x00007ffb81410000 - 0x00007ffb81475000 	C:\Xilinx\Vivado\2018.3\lib\win64.o\liblmx6.0.dll
0x00007ffb81a30000 - 0x00007ffb81a4a000 	C:\Xilinx\Vivado\2018.3\lib\win64.o\pthreadVC2.dll
0x00007ffb817e0000 - 0x00007ffb817fc000 	C:\Xilinx\Vivado\2018.3\lib\win64.o\librdiconfig.dll
0x00007ffb81690000 - 0x00007ffb816b1000 	C:\Xilinx\Vivado\2018.3\lib\win64.o\librdizlib.dll
0x0000000012000000 - 0x0000000012272000 	C:\Xilinx\Vivado\2018.3\lib\win64.o\xerces-c_3_1.dll
0x00007ffb8bf20000 - 0x00007ffb8bf2c000 	C:\Windows\SYSTEM32\VCRUNTIME140_1.dll
0x00007ffb8c320000 - 0x00007ffb8c337000 	C:\Windows\SYSTEM32\NETAPI32.dll
0x00007ffb943d0000 - 0x00007ffb944c0000 	C:\Windows\SYSTEM32\WINHTTP.dll
0x00007ffb8fcf0000 - 0x00007ffb8fec6000 	C:\Windows\SYSTEM32\urlmon.dll
0x00007ffb8d100000 - 0x00007ffb8d5d5000 	C:\Windows\SYSTEM32\WININET.dll
0x00007ffb8c180000 - 0x00007ffb8c189000 	C:\Windows\SYSTEM32\WSOCK32.dll
0x00007ffb91e10000 - 0x00007ffb91eb9000 	C:\Windows\WinSxS\amd64_microsoft.windows.common-controls_6595b64144ccf1df_5.82.18362.836_none_2a2600ea466b531c\COMCTL32.dll
0x00007ffb99320000 - 0x00007ffb9933c000 	C:\Windows\SYSTEM32\dhcpcsvc.DLL
0x00007ffb855f0000 - 0x00007ffb855fd000 	C:\Xilinx\Vivado\2018.3\lib\win64.o\libboost_chrono.dll
0x00007ffba08a0000 - 0x00007ffba08a8000 	C:\Windows\System32\NSI.dll
0x00007ffb81500000 - 0x00007ffb8151b000 	C:\Xilinx\Vivado\2018.3\lib\win64.o\libboost_iostreams.dll
0x00007ffb814d0000 - 0x00007ffb814f5000 	C:\Xilinx\Vivado\2018.3\lib\win64.o\libisl_iosutils.dll
0x00007ffb81210000 - 0x00007ffb81238000 	C:\Windows\SYSTEM32\VCOMP140.DLL
0x00007ffb452f0000 - 0x00007ffb46181000 	C:\Xilinx\Vivado\2018.3\lib\win64.o\gurobi65.dll
0x00007ffb90680000 - 0x00007ffb90926000 	C:\Windows\SYSTEM32\iertutil.dll
0x00007ffb9d320000 - 0x00007ffb9d32c000 	C:\Windows\SYSTEM32\CRYPTBASE.DLL
0x00007ffb9cf10000 - 0x00007ffb9cf1c000 	C:\Windows\SYSTEM32\NETUTILS.DLL
0x00007ffb9fc30000 - 0x00007ffb9fc5e000 	C:\Windows\System32\IMM32.DLL
0x00007ffb673f0000 - 0x00007ffb678e5000 	C:\Xilinx\Vivado\2018.3\lib\win64.o\librdi_commontasks.dll
0x00007ffb97740000 - 0x00007ffb9774a000 	C:\Windows\SYSTEM32\VERSION.dll
0x000000005bfa0000 - 0x000000005c9c5000 	C:\Xilinx\Vivado\2018.3\tps\win64\jre9.0.4\bin\server\jvm.dll
0x00007ffb506c0000 - 0x00007ffb5093f000 	C:\Xilinx\Vivado\2018.3\lib\win64.o\librdi_sio.dll
0x00007ffb9eb30000 - 0x00007ffb9eb38000 	C:\Windows\System32\PSAPI.DLL
0x00007ffb9b6d0000 - 0x00007ffb9b6f4000 	C:\Windows\SYSTEM32\WINMM.dll
0x00007ffb9ce00000 - 0x00007ffb9ce3a000 	C:\Windows\SYSTEM32\IPHLPAPI.DLL
0x00007ffb8bde0000 - 0x00007ffb8becf000 	C:\Windows\SYSTEM32\MSVCR120.dll
0x00007ffb9b6a0000 - 0x00007ffb9b6cd000 	C:\Windows\SYSTEM32\WINMMBASE.dll
0x00007ffb9d0f0000 - 0x00007ffb9d157000 	C:\Windows\SYSTEM32\MSWSOCK.DLL
0x00007ffb2eac0000 - 0x00007ffb30e82000 	C:\Xilinx\Vivado\2018.3\lib\win64.o\librdi_tcltasks.dll
0x00007ffb4cae0000 - 0x00007ffb4cebc000 	C:\Xilinx\Vivado\2018.3\lib\win64.o\librdi_bitstream.dll
0x00007ffb81070000 - 0x00007ffb810da000 	C:\Xilinx\Vivado\2018.3\lib\win64.o\librdi_boarddep.dll
0x00007ffb7f900000 - 0x00007ffb7f9dc000 	C:\Xilinx\Vivado\2018.3\lib\win64.o\librdi_chipscope.dll
0x00007ffb4d360000 - 0x00007ffb4d519000 	C:\Xilinx\Vivado\2018.3\lib\win64.o\librdi_chipscopeimpl.dll
0x00007ffb67270000 - 0x00007ffb673ee000 	C:\Xilinx\Vivado\2018.3\lib\win64.o\librdi_board.dll
0x00007ffb439e0000 - 0x00007ffb452e5000 	C:\Xilinx\Vivado\2018.3\lib\win64.o\librdi_constraints.dll
0x00007ffb50570000 - 0x00007ffb506b8000 	C:\Xilinx\Vivado\2018.3\lib\win64.o\librdi_containers.dll
0x00007ffb465a0000 - 0x00007ffb46c7a000 	C:\Xilinx\Vivado\2018.3\lib\win64.o\librdi_coregenipxact.dll
0x00007ffb2cca0000 - 0x00007ffb2eabf000 	C:\Xilinx\Vivado\2018.3\lib\win64.o\librdi_coregen.dll
0x00007ffb28ea0000 - 0x00007ffb2cc9b000 	C:\Xilinx\Vivado\2018.3\lib\win64.o\librdi_designutils.dll
0x00007ffb4a610000 - 0x00007ffb4a92b000 	C:\Xilinx\Vivado\2018.3\lib\win64.o\librdi_dlyest.dll
0x00007ffb43480000 - 0x00007ffb439e0000 	C:\Xilinx\Vivado\2018.3\lib\win64.o\librdi_drc.dll
0x00007ffb6b480000 - 0x00007ffb6b542000 	C:\Xilinx\Vivado\2018.3\lib\win64.o\librdi_dsp.dll
0x00007ffb42270000 - 0x00007ffb428af000 	C:\Xilinx\Vivado\2018.3\lib\win64.o\librdi_filemgmt.dll
0x00007ffb46d20000 - 0x00007ffb46ffa000 	C:\Xilinx\Vivado\2018.3\lib\win64.o\librdi_guitools.dll
0x00007ffb80fd0000 - 0x00007ffb8102d000 	C:\Xilinx\Vivado\2018.3\lib\win64.o\librdi_hdf.dll
0x00007ffb16da0000 - 0x00007ffb18131000 	C:\Xilinx\Vivado\2018.3\lib\win64.o\librdi_implflow.dll
0x00007ffb41780000 - 0x00007ffb41d95000 	C:\Xilinx\Vivado\2018.3\lib\win64.o\librdi_memdata.dll
0x00007ffb797d0000 - 0x00007ffb79841000 	C:\Xilinx\Vivado\2018.3\lib\win64.o\librdi_memoryarray.dll
0x00007ffb18140000 - 0x00007ffb28e92000 	C:\Xilinx\Vivado\2018.3\lib\win64.o\librdi_device.dll
0x00007ffb76970000 - 0x00007ffb769c0000 	C:\Xilinx\Vivado\2018.3\lib\win64.o\librdi_pfi.dll
0x00007ffb12db0000 - 0x00007ffb133eb000 	C:\Xilinx\Vivado\2018.3\lib\win64.o\librdi_netlist.dll
0x00007ffb10190000 - 0x00007ffb10885000 	C:\Xilinx\Vivado\2018.3\lib\win64.o\librdi_power.dll
0x00007ffb10890000 - 0x00007ffb12da4000 	C:\Xilinx\Vivado\2018.3\lib\win64.o\librdi_place.dll
0x00007ffb41220000 - 0x00007ffb41776000 	C:\Xilinx\Vivado\2018.3\lib\win64.o\librdi_project.dll
0x00007ffb42bb0000 - 0x00007ffb42eb7000 	C:\Xilinx\Vivado\2018.3\lib\win64.o\librdi_platform.dll
0x00007ffb0f3b0000 - 0x00007ffb0faa3000 	C:\Xilinx\Vivado\2018.3\lib\win64.o\librdi_psta.dll
0x00007ffb0fab0000 - 0x00007ffb10189000 	C:\Xilinx\Vivado\2018.3\lib\win64.o\librdi_rsb.dll
0x00007ffb0efd0000 - 0x00007ffb0f3a7000 	C:\Xilinx\Vivado\2018.3\lib\win64.o\librdi_runs.dll
0x00007ffb690a0000 - 0x00007ffb69178000 	C:\Xilinx\Vivado\2018.3\lib\win64.o\librdi_runsbase.dll
0x00007ffb46370000 - 0x00007ffb46598000 	C:\Xilinx\Vivado\2018.3\lib\win64.o\librdi_simdata.dll
0x00007ffb0e240000 - 0x00007ffb0efcd000 	C:\Xilinx\Vivado\2018.3\lib\win64.o\librdi_timing.dll
0x00007ffb4df00000 - 0x00007ffb4e054000 	C:\Xilinx\Vivado\2018.3\lib\win64.o\librdi_advchipscopeimpl.dll
0x00007ffb70850000 - 0x00007ffb7089c000 	C:\Xilinx\Vivado\2018.3\lib\win64.o\libboost_serialization.dll
0x00007ffb133f0000 - 0x00007ffb16d9c000 	C:\Xilinx\Vivado\2018.3\lib\win64.o\librdi_mig.dll
0x00007ffb671b0000 - 0x00007ffb67268000 	C:\Xilinx\Vivado\2018.3\lib\win64.o\librdi_hip_devdesign.dll
0x00007ffb52900000 - 0x00007ffb529ab000 	C:\Xilinx\Vivado\2018.3\lib\win64.o\librdi_ipconfig_readwrite.dll
0x00007ffb793f0000 - 0x00007ffb79428000 	C:\Xilinx\Vivado\2018.3\lib\win64.o\librdi_noc_frameworks.dll
0x00007ffb0d6f0000 - 0x00007ffb0e237000 	C:\Xilinx\Vivado\2018.3\lib\win64.o\libverific.dll
0x00007ffb57690000 - 0x00007ffb5772e000 	C:\Xilinx\Vivado\2018.3\lib\win64.o\libise.dll

VM Arguments:
jvm_args: -Dsun.java2d.pmoffscreen=false -Dsun.java2d.xrender=false -Dsun.java2d.d3d=false -Dsun.awt.nopixfmt=true -Dsun.java2d.dpiaware=true -Dsun.java2d.uiScale.enabled=false -Xverify:none -Dswing.aatext=true -XX:-UsePerfData -Djdk.map.althashing.threshold=512 -XX:StringTableSize=4072 --add-opens=java.base/java.nio=ALL-UNNAMED --add-opens=java.desktop/sun.swing=ALL-UNNAMED --add-opens=java.desktop/javax.swing=ALL-UNNAMED --add-opens=java.desktop/javax.swing.tree=ALL-UNNAMED --add-opens=java.desktop/javax.swing.plaf.basic=ALL-UNNAMED --add-opens=java.desktop/javax.swing.plaf.synth=ALL-UNNAMED --add-opens=java.desktop/com.sun.awt=ALL-UNNAMED -XX:NewSize=60m -XX:MaxNewSize=60m -Xms128m -Xmx3072m -Xss5m 
java_command: <unknown>
java_class_path (initial): C:/Xilinx/Vivado/2018.3\lib\classes\alloy.jar;C:/Xilinx/Vivado/2018.3\lib\classes\autopilot.scelaborator.jar;C:/Xilinx/Vivado/2018.3\lib\classes\autopilot.sourceprocessor.jar;C:/Xilinx/Vivado/2018.3\lib\classes\autopilot.tbprocessor.jar;C:/Xilinx/Vivado/2018.3\lib\classes\batik-anim.jar;C:/Xilinx/Vivado/2018.3\lib\classes\batik-awt-util.jar;C:/Xilinx/Vivado/2018.3\lib\classes\batik-bridge.jar;C:/Xilinx/Vivado/2018.3\lib\classes\batik-codec.jar;C:/Xilinx/Vivado/2018.3\lib\classes\batik-css.jar;C:/Xilinx/Vivado/2018.3\lib\classes\batik-dom.jar;C:/Xilinx/Vivado/2018.3\lib\classes\batik-ext.jar;C:/Xilinx/Vivado/2018.3\lib\classes\batik-gui-util.jar;C:/Xilinx/Vivado/2018.3\lib\classes\batik-gvt.jar;C:/Xilinx/Vivado/2018.3\lib\classes\batik-parser.jar;C:/Xilinx/Vivado/2018.3\lib\classes\batik-script.jar;C:/Xilinx/Vivado/2018.3\lib\classes\batik-svg-dom.jar;C:/Xilinx/Vivado/2018.3\lib\classes\batik-swing.jar;C:/Xilinx/Vivado/2018.3\lib\classes\batik-transcoder.jar;C:/Xilinx/Vivado/2018.3\lib\classes\batik-util.jar;C:/Xilinx/Vivado/2018.3\lib\classes\batik-xml.jar;C:/Xilinx/Vivado/2018.3\lib\classes\com.ibm.icu_4.4.2.v20110208.jar;C:/Xilinx/Vivado/2018.3\lib\classes\commons-collections4-4.1.jar;C:/Xilinx/Vivado/2018.3\lib\classes\commons-math-2.2.jar;C:/Xilinx/Vivado/2018.3\lib\classes\dom4j-1.6.1.jar;C:/Xilinx/Vivado/2018.3\lib\classes\guava-18.0.jar;C:/Xilinx/Vivado/2018.3\lib\classes\help.jar;C:/Xilinx/Vivado/2018.3\lib\classes\hsqldb.jar;C:/Xilinx/Vivado/2018.3\lib\classes\jargs.jar;C:/Xilinx/Vivado/2018.3\lib\classes\jaxb-api-2.3.0.jar;C:/Xilinx/Vivado/2018.3\lib\classes\jh.jar;C:/Xilinx/Vivado/2018.3\lib\classes\jide-action.jar;C:/Xilinx/Vivado/2018.3\lib\classes\jide-charts.jar;C:/Xilinx/Vivado/2018.3\lib\classes\jide-common.jar;C:/Xilinx/Vivado/2018.3\lib\classes\jide-components.jar;C:/Xilinx/Vivado/2018.3\lib\classes\jide-dashboard.jar;C:/Xilinx/Vivado/2018.3\lib\classes\jide-data.jar;C:/Xilinx/Vivado/2018.3\lib\classes\jide-dialogs.jar
Launcher Type: generic

Logging:
Log output configuration:
#0: stdout all=warning uptime,level,tags
#1: stderr all=off uptime,level,tags

Environment Variables:
PATH=C:/Xilinx/Vivado/2018.3/bin;C:/Xilinx/Vivado/2018.3/lib/win64.o;C:/Xilinx/Vivado/2018.3/tps/win64/jre9.0.4/bin/server;C:/Xilinx/Vivado/2018.3/tps/win64/jre9.0.4/bin;C:/Xilinx/SDK/2018.3/bin;C:/Xilinx/Vivado/2018.3/ids_lite/ISE/bin/nt64;C:/Xilinx/Vivado/2018.3/ids_lite/ISE/lib/nt64;C:\Program Files (x86)\VMware\VMware Player\bin\;C:\Program Files (x86)\Common Files\Oracle\Java\javapath;C:\Windows\system32;C:\Windows;C:\Windows\System32\Wbem;C:\Windows\System32\WindowsPowerShell\v1.0\;C:\Windows\System32\OpenSSH\;C:\Program Files\MATLAB\R2020a\bin;C:\Program Files\MATLAB\R2018a\runtime\win64;C:\Program Files\MATLAB\R2018a\bin;C:\Program Files\dotnet\;C:\Program Files (x86)\4DSP\4FM Core Development Kit\Bins;C:\Program Files (x86)\4DSP\FMC Board Support Package\Bins;C:\Program Files (x86)\4DSP\4FM Core Development Kit\Bins64;C:\Program Files (x86)\4DSP\FMC Board Support Package\Bins64;C:\Program Files\Microsoft SQL Server\130\Tools\Binn\;C:\Program Files\Microsoft SQL Server\110\Tools\Binn\;C:\Program Files (x86)\Microsoft SDKs\TypeScript\1.0\;C:\Program Files\Microsoft SQL Server\120\Tools\Binn\;C:\Program Files (x86)\National Instruments\Shared\LabVIEW CLI;C:\Program Files (x86)\IVI Foundation\VISA\WinNT\Bin\;C:\Program Files\IVI Foundation\VISA\Win64\Bin\;C:\Program Files (x86)\Microsoft SQL Server\100\Tools\Binn\;C:\Program Files\Microsoft SQL Server\100\Tools\Binn\;C:\Program Files\Microsoft SQL Server\100\DTS\Binn\;C:\Users\maxim.meltsin\AppData\Local\Microsoft\WindowsApps;C:\Users\maxim.meltsin\AppData\Local\GitHubDesktop\bin;C:\Program Files\Oracle\VirtualBox;;C:/Xilinx/Vivado/2018.3\tps\mingw\6.2.0\win64.o\nt\bin;C:/Xilinx/Vivado/2018.3\tps\mingw\6.2.0\win64.o\nt\libexec\gcc\x86_64-w64-mingw32\6.2.0
USERNAME=maxim.meltsin
OS=Windows_NT
PROCESSOR_IDENTIFIER=Intel64 Family 6 Model 42 Stepping 7, GenuineIntel



---------------  S Y S T E M  ---------------

OS: Windows 10 , 64 bit Build 18362 (10.0.18362.778)

CPU:total 8 (initial active 8) (4 cores per cpu, 2 threads per core) family 6 model 42 stepping 7, cmov, cx8, fxsr, mmx, sse, sse2, sse3, ssse3, sse4.1, sse4.2, popcnt, avx, aes, clmul, ht, tsc, tscinvbit

Memory: 4k page, physical 16684980k(3060800k free), swap 28328748k(4788344k free)

vm_info: Java HotSpot(TM) 64-Bit Server VM (9.0.4+11) for windows-amd64 JRE (9.0.4+11), built on Dec 20 2017 02:18:54 by "mach5one" with MS VC++ 12.0 (VS2013)

END.
